2025-03-04 10:43:41 [restartedMain] INFO  com.accenture.Application - Starting Application using Java 21.0.6 with PID 34900 (C:\Users\flora.lucie.soler\Documents\Projet\projet-flora-redo\target\classes started by flora.lucie.soler in C:\Users\flora.lucie.soler\Documents\Projet\projet-flora-redo)
2025-03-04 10:43:41 [restartedMain] DEBUG com.accenture.Application - Running with Spring Boot v3.4.2, Spring v6.2.2
2025-03-04 10:43:41 [restartedMain] INFO  com.accenture.Application - No active profile set, falling back to 1 default profile: "default"
2025-03-04 10:43:53 [restartedMain] INFO  com.accenture.Application - Started Application in 13.313 seconds (process running for 15.971)
2025-03-04 10:44:55 [http-nio-8080-exec-6] INFO  c.a.controller.AdminController - Requête reçue pour récupérer la liste des clients.
2025-03-04 10:44:56 [http-nio-8080-exec-6] DEBUG c.a.controller.AdminController - Nombre de clients trouvés : 2
2025-03-04 10:45:30 [http-nio-8080-exec-10] DEBUG c.a.c.a.ApplicationControllerAdvice - Détails pour l'analyse du problème :
com.accenture.exception.ClientException: Identifiants incorrects
	at com.accenture.service.ClientServiceImpl.trouverClient(ClientServiceImpl.java:52)
	at com.accenture.controller.ClientController.trouverUnClient(ClientController.java:64)
	at java.base/jdk.internal.reflect.DirectMethodHandleAccessor.invoke(DirectMethodHandleAccessor.java:103)
	at java.base/java.lang.reflect.Method.invoke(Method.java:580)
	at org.springframework.web.method.support.InvocableHandlerMethod.doInvoke(InvocableHandlerMethod.java:257)
	at org.springframework.web.method.support.InvocableHandlerMethod.invokeForRequest(InvocableHandlerMethod.java:190)
	at org.springframework.web.servlet.mvc.method.annotation.ServletInvocableHandlerMethod.invokeAndHandle(ServletInvocableHandlerMethod.java:118)
	at org.springframework.web.servlet.mvc.method.annotation.RequestMappingHandlerAdapter.invokeHandlerMethod(RequestMappingHandlerAdapter.java:986)
	at org.springframework.web.servlet.mvc.method.annotation.RequestMappingHandlerAdapter.handleInternal(RequestMappingHandlerAdapter.java:891)
	at org.springframework.web.servlet.mvc.method.AbstractHandlerMethodAdapter.handle(AbstractHandlerMethodAdapter.java:87)
	at org.springframework.web.servlet.DispatcherServlet.doDispatch(DispatcherServlet.java:1088)
	at org.springframework.web.servlet.DispatcherServlet.doService(DispatcherServlet.java:978)
	at org.springframework.web.servlet.FrameworkServlet.processRequest(FrameworkServlet.java:1014)
	at org.springframework.web.servlet.FrameworkServlet.doGet(FrameworkServlet.java:903)
	at jakarta.servlet.http.HttpServlet.service(HttpServlet.java:564)
	at org.springframework.web.servlet.FrameworkServlet.service(FrameworkServlet.java:885)
	at jakarta.servlet.http.HttpServlet.service(HttpServlet.java:658)
	at org.apache.catalina.core.ApplicationFilterChain.internalDoFilter(ApplicationFilterChain.java:195)
	at org.apache.catalina.core.ApplicationFilterChain.doFilter(ApplicationFilterChain.java:140)
	at org.apache.tomcat.websocket.server.WsFilter.doFilter(WsFilter.java:51)
	at org.apache.catalina.core.ApplicationFilterChain.internalDoFilter(ApplicationFilterChain.java:164)
	at org.apache.catalina.core.ApplicationFilterChain.doFilter(ApplicationFilterChain.java:140)
	at org.springframework.web.filter.CompositeFilter$VirtualFilterChain.doFilter(CompositeFilter.java:108)
	at org.springframework.security.web.FilterChainProxy.lambda$doFilterInternal$3(FilterChainProxy.java:231)
	at org.springframework.security.web.FilterChainProxy$VirtualFilterChain.doFilter(FilterChainProxy.java:365)
	at org.springframework.security.web.access.intercept.AuthorizationFilter.doFilter(AuthorizationFilter.java:101)
	at org.springframework.security.web.FilterChainProxy$VirtualFilterChain.doFilter(FilterChainProxy.java:374)
	at org.springframework.security.web.access.ExceptionTranslationFilter.doFilter(ExceptionTranslationFilter.java:126)
	at org.springframework.security.web.access.ExceptionTranslationFilter.doFilter(ExceptionTranslationFilter.java:120)
	at org.springframework.security.web.FilterChainProxy$VirtualFilterChain.doFilter(FilterChainProxy.java:374)
	at org.springframework.security.web.authentication.AnonymousAuthenticationFilter.doFilter(AnonymousAuthenticationFilter.java:100)
	at org.springframework.security.web.FilterChainProxy$VirtualFilterChain.doFilter(FilterChainProxy.java:374)
	at org.springframework.security.web.servletapi.SecurityContextHolderAwareRequestFilter.doFilter(SecurityContextHolderAwareRequestFilter.java:179)
	at org.springframework.security.web.FilterChainProxy$VirtualFilterChain.doFilter(FilterChainProxy.java:374)
	at org.springframework.security.web.savedrequest.RequestCacheAwareFilter.doFilter(RequestCacheAwareFilter.java:63)
	at org.springframework.security.web.FilterChainProxy$VirtualFilterChain.doFilter(FilterChainProxy.java:374)
	at org.springframework.security.web.authentication.www.BasicAuthenticationFilter.doFilterInternal(BasicAuthenticationFilter.java:181)
	at org.springframework.web.filter.OncePerRequestFilter.doFilter(OncePerRequestFilter.java:116)
	at org.springframework.security.web.FilterChainProxy$VirtualFilterChain.doFilter(FilterChainProxy.java:374)
	at org.springframework.security.web.authentication.logout.LogoutFilter.doFilter(LogoutFilter.java:107)
	at org.springframework.security.web.authentication.logout.LogoutFilter.doFilter(LogoutFilter.java:93)
	at org.springframework.security.web.FilterChainProxy$VirtualFilterChain.doFilter(FilterChainProxy.java:374)
	at org.springframework.security.web.header.HeaderWriterFilter.doHeadersAfter(HeaderWriterFilter.java:90)
	at org.springframework.security.web.header.HeaderWriterFilter.doFilterInternal(HeaderWriterFilter.java:75)
	at org.springframework.web.filter.OncePerRequestFilter.doFilter(OncePerRequestFilter.java:116)
	at org.springframework.security.web.FilterChainProxy$VirtualFilterChain.doFilter(FilterChainProxy.java:374)
	at org.springframework.security.web.context.SecurityContextHolderFilter.doFilter(SecurityContextHolderFilter.java:82)
	at org.springframework.security.web.context.SecurityContextHolderFilter.doFilter(SecurityContextHolderFilter.java:69)
	at org.springframework.security.web.FilterChainProxy$VirtualFilterChain.doFilter(FilterChainProxy.java:374)
	at org.springframework.security.web.context.request.async.WebAsyncManagerIntegrationFilter.doFilterInternal(WebAsyncManagerIntegrationFilter.java:62)
	at org.springframework.web.filter.OncePerRequestFilter.doFilter(OncePerRequestFilter.java:116)
	at org.springframework.security.web.FilterChainProxy$VirtualFilterChain.doFilter(FilterChainProxy.java:374)
	at org.springframework.security.web.session.DisableEncodeUrlFilter.doFilterInternal(DisableEncodeUrlFilter.java:42)
	at org.springframework.web.filter.OncePerRequestFilter.doFilter(OncePerRequestFilter.java:116)
	at org.springframework.security.web.FilterChainProxy$VirtualFilterChain.doFilter(FilterChainProxy.java:374)
	at org.springframework.security.web.FilterChainProxy.doFilterInternal(FilterChainProxy.java:233)
	at org.springframework.security.web.FilterChainProxy.doFilter(FilterChainProxy.java:191)
	at org.springframework.web.filter.CompositeFilter$VirtualFilterChain.doFilter(CompositeFilter.java:113)
	at org.springframework.web.servlet.handler.HandlerMappingIntrospector.lambda$createCacheFilter$3(HandlerMappingIntrospector.java:243)
	at org.springframework.web.filter.CompositeFilter$VirtualFilterChain.doFilter(CompositeFilter.java:113)
	at org.springframework.web.filter.CompositeFilter.doFilter(CompositeFilter.java:74)
	at org.springframework.security.config.annotation.web.configuration.WebMvcSecurityConfiguration$CompositeFilterChainProxy.doFilter(WebMvcSecurityConfiguration.java:238)
	at org.springframework.web.filter.DelegatingFilterProxy.invokeDelegate(DelegatingFilterProxy.java:362)
	at org.springframework.web.filter.DelegatingFilterProxy.doFilter(DelegatingFilterProxy.java:278)
	at org.apache.catalina.core.ApplicationFilterChain.internalDoFilter(ApplicationFilterChain.java:164)
	at org.apache.catalina.core.ApplicationFilterChain.doFilter(ApplicationFilterChain.java:140)
	at org.springframework.web.filter.RequestContextFilter.doFilterInternal(RequestContextFilter.java:100)
	at org.springframework.web.filter.OncePerRequestFilter.doFilter(OncePerRequestFilter.java:116)
	at org.apache.catalina.core.ApplicationFilterChain.internalDoFilter(ApplicationFilterChain.java:164)
	at org.apache.catalina.core.ApplicationFilterChain.doFilter(ApplicationFilterChain.java:140)
	at org.springframework.web.filter.FormContentFilter.doFilterInternal(FormContentFilter.java:93)
	at org.springframework.web.filter.OncePerRequestFilter.doFilter(OncePerRequestFilter.java:116)
	at org.apache.catalina.core.ApplicationFilterChain.internalDoFilter(ApplicationFilterChain.java:164)
	at org.apache.catalina.core.ApplicationFilterChain.doFilter(ApplicationFilterChain.java:140)
	at org.springframework.web.filter.CharacterEncodingFilter.doFilterInternal(CharacterEncodingFilter.java:201)
	at org.springframework.web.filter.OncePerRequestFilter.doFilter(OncePerRequestFilter.java:116)
	at org.apache.catalina.core.ApplicationFilterChain.internalDoFilter(ApplicationFilterChain.java:164)
	at org.apache.catalina.core.ApplicationFilterChain.doFilter(ApplicationFilterChain.java:140)
	at org.apache.catalina.core.StandardWrapperValve.invoke(StandardWrapperValve.java:167)
	at org.apache.catalina.core.StandardContextValve.invoke(StandardContextValve.java:90)
	at org.apache.catalina.authenticator.AuthenticatorBase.invoke(AuthenticatorBase.java:483)
	at org.apache.catalina.core.StandardHostValve.invoke(StandardHostValve.java:115)
	at org.apache.catalina.valves.ErrorReportValve.invoke(ErrorReportValve.java:93)
	at org.apache.catalina.core.StandardEngineValve.invoke(StandardEngineValve.java:74)
	at org.apache.catalina.connector.CoyoteAdapter.service(CoyoteAdapter.java:344)
	at org.apache.coyote.http11.Http11Processor.service(Http11Processor.java:397)
	at org.apache.coyote.AbstractProcessorLight.process(AbstractProcessorLight.java:63)
	at org.apache.coyote.AbstractProtocol$ConnectionHandler.process(AbstractProtocol.java:905)
	at org.apache.tomcat.util.net.NioEndpoint$SocketProcessor.doRun(NioEndpoint.java:1741)
	at org.apache.tomcat.util.net.SocketProcessorBase.run(SocketProcessorBase.java:52)
	at org.apache.tomcat.util.threads.ThreadPoolExecutor.runWorker(ThreadPoolExecutor.java:1190)
	at org.apache.tomcat.util.threads.ThreadPoolExecutor$Worker.run(ThreadPoolExecutor.java:659)
	at org.apache.tomcat.util.threads.TaskThread$WrappingRunnable.run(TaskThread.java:63)
	at java.base/java.lang.Thread.run(Thread.java:1583)
2025-03-04 10:50:15 [restartedMain] INFO  com.accenture.Application - Starting Application using Java 21.0.6 with PID 29164 (C:\Users\flora.lucie.soler\Documents\Projet\projet-flora-redo\target\classes started by flora.lucie.soler in C:\Users\flora.lucie.soler\Documents\Projet\projet-flora-redo)
2025-03-04 10:50:15 [restartedMain] DEBUG com.accenture.Application - Running with Spring Boot v3.4.2, Spring v6.2.2
2025-03-04 10:50:15 [restartedMain] INFO  com.accenture.Application - No active profile set, falling back to 1 default profile: "default"
2025-03-04 10:50:27 [restartedMain] INFO  com.accenture.Application - Started Application in 12.363 seconds (process running for 13.989)
2025-03-04 10:51:03 [http-nio-8080-exec-5] DEBUG c.a.c.a.ApplicationControllerAdvice - Erreurs détaillées de validation : [Field error in object 'clientRequestDto' on field 'dateNaissance': rejected value [null]; codes [NotNull.clientRequestDto.dateNaissance,NotNull.dateNaissance,NotNull.java.time.LocalDate,NotNull]; arguments [org.springframework.context.support.DefaultMessageSourceResolvable: codes [clientRequestDto.dateNaissance,dateNaissance]; arguments []; default message [dateNaissance]]; default message [must not be null]]
2025-03-04 11:36:35 [restartedMain] INFO  com.accenture.Application - Starting Application using Java 21.0.6 with PID 29164 (C:\Users\flora.lucie.soler\Documents\Projet\projet-flora-redo\target\classes started by flora.lucie.soler in C:\Users\flora.lucie.soler\Documents\Projet\projet-flora-redo)
2025-03-04 11:36:35 [restartedMain] DEBUG com.accenture.Application - Running with Spring Boot v3.4.2, Spring v6.2.2
2025-03-04 11:36:35 [restartedMain] INFO  com.accenture.Application - No active profile set, falling back to 1 default profile: "default"
2025-03-04 11:36:38 [restartedMain] INFO  com.accenture.Application - Started Application in 3.157 seconds (process running for 2785.106)
2025-03-04 11:36:53 [restartedMain] INFO  com.accenture.Application - Starting Application using Java 21.0.6 with PID 29164 (C:\Users\flora.lucie.soler\Documents\Projet\projet-flora-redo\target\classes started by flora.lucie.soler in C:\Users\flora.lucie.soler\Documents\Projet\projet-flora-redo)
2025-03-04 11:36:53 [restartedMain] DEBUG com.accenture.Application - Running with Spring Boot v3.4.2, Spring v6.2.2
2025-03-04 11:36:53 [restartedMain] INFO  com.accenture.Application - No active profile set, falling back to 1 default profile: "default"
2025-03-04 11:36:55 [restartedMain] INFO  com.accenture.Application - Started Application in 1.817 seconds (process running for 2801.935)
2025-03-04 11:40:29 [http-nio-8080-exec-7] INFO  c.a.controller.AdminController - Requête reçue pour inscrire un client avec l'email : exemple2@email.fr
2025-03-04 11:40:29 [http-nio-8080-exec-7] DEBUG c.a.c.a.ApplicationControllerAdvice - Détails pour l'analyse du problème :
com.accenture.exception.ClientException: Format du mot de passe invalide.
	at com.accenture.service.ClientServiceImpl.verifierClient(ClientServiceImpl.java:190)
	at com.accenture.service.ClientServiceImpl.inscrireClient(ClientServiceImpl.java:69)
	at com.accenture.controller.ClientController.inscription(ClientController.java:100)
	at java.base/jdk.internal.reflect.DirectMethodHandleAccessor.invoke(DirectMethodHandleAccessor.java:103)
	at java.base/java.lang.reflect.Method.invoke(Method.java:580)
	at org.springframework.web.method.support.InvocableHandlerMethod.doInvoke(InvocableHandlerMethod.java:257)
	at org.springframework.web.method.support.InvocableHandlerMethod.invokeForRequest(InvocableHandlerMethod.java:190)
	at org.springframework.web.servlet.mvc.method.annotation.ServletInvocableHandlerMethod.invokeAndHandle(ServletInvocableHandlerMethod.java:118)
	at org.springframework.web.servlet.mvc.method.annotation.RequestMappingHandlerAdapter.invokeHandlerMethod(RequestMappingHandlerAdapter.java:986)
	at org.springframework.web.servlet.mvc.method.annotation.RequestMappingHandlerAdapter.handleInternal(RequestMappingHandlerAdapter.java:891)
	at org.springframework.web.servlet.mvc.method.AbstractHandlerMethodAdapter.handle(AbstractHandlerMethodAdapter.java:87)
	at org.springframework.web.servlet.DispatcherServlet.doDispatch(DispatcherServlet.java:1088)
	at org.springframework.web.servlet.DispatcherServlet.doService(DispatcherServlet.java:978)
	at org.springframework.web.servlet.FrameworkServlet.processRequest(FrameworkServlet.java:1014)
	at org.springframework.web.servlet.FrameworkServlet.doPost(FrameworkServlet.java:914)
	at jakarta.servlet.http.HttpServlet.service(HttpServlet.java:590)
	at org.springframework.web.servlet.FrameworkServlet.service(FrameworkServlet.java:885)
	at jakarta.servlet.http.HttpServlet.service(HttpServlet.java:658)
	at org.apache.catalina.core.ApplicationFilterChain.internalDoFilter(ApplicationFilterChain.java:195)
	at org.apache.catalina.core.ApplicationFilterChain.doFilter(ApplicationFilterChain.java:140)
	at org.apache.tomcat.websocket.server.WsFilter.doFilter(WsFilter.java:51)
	at org.apache.catalina.core.ApplicationFilterChain.internalDoFilter(ApplicationFilterChain.java:164)
	at org.apache.catalina.core.ApplicationFilterChain.doFilter(ApplicationFilterChain.java:140)
	at org.springframework.web.filter.CompositeFilter$VirtualFilterChain.doFilter(CompositeFilter.java:108)
	at org.springframework.security.web.FilterChainProxy.lambda$doFilterInternal$3(FilterChainProxy.java:231)
	at org.springframework.security.web.FilterChainProxy$VirtualFilterChain.doFilter(FilterChainProxy.java:365)
	at org.springframework.security.web.access.intercept.AuthorizationFilter.doFilter(AuthorizationFilter.java:101)
	at org.springframework.security.web.FilterChainProxy$VirtualFilterChain.doFilter(FilterChainProxy.java:374)
	at org.springframework.security.web.access.ExceptionTranslationFilter.doFilter(ExceptionTranslationFilter.java:126)
	at org.springframework.security.web.access.ExceptionTranslationFilter.doFilter(ExceptionTranslationFilter.java:120)
	at org.springframework.security.web.FilterChainProxy$VirtualFilterChain.doFilter(FilterChainProxy.java:374)
	at org.springframework.security.web.authentication.AnonymousAuthenticationFilter.doFilter(AnonymousAuthenticationFilter.java:100)
	at org.springframework.security.web.FilterChainProxy$VirtualFilterChain.doFilter(FilterChainProxy.java:374)
	at org.springframework.security.web.servletapi.SecurityContextHolderAwareRequestFilter.doFilter(SecurityContextHolderAwareRequestFilter.java:179)
	at org.springframework.security.web.FilterChainProxy$VirtualFilterChain.doFilter(FilterChainProxy.java:374)
	at org.springframework.security.web.savedrequest.RequestCacheAwareFilter.doFilter(RequestCacheAwareFilter.java:63)
	at org.springframework.security.web.FilterChainProxy$VirtualFilterChain.doFilter(FilterChainProxy.java:374)
	at org.springframework.security.web.authentication.www.BasicAuthenticationFilter.doFilterInternal(BasicAuthenticationFilter.java:181)
	at org.springframework.web.filter.OncePerRequestFilter.doFilter(OncePerRequestFilter.java:116)
	at org.springframework.security.web.FilterChainProxy$VirtualFilterChain.doFilter(FilterChainProxy.java:374)
	at org.springframework.security.web.authentication.logout.LogoutFilter.doFilter(LogoutFilter.java:107)
	at org.springframework.security.web.authentication.logout.LogoutFilter.doFilter(LogoutFilter.java:93)
	at org.springframework.security.web.FilterChainProxy$VirtualFilterChain.doFilter(FilterChainProxy.java:374)
	at org.springframework.security.web.header.HeaderWriterFilter.doHeadersAfter(HeaderWriterFilter.java:90)
	at org.springframework.security.web.header.HeaderWriterFilter.doFilterInternal(HeaderWriterFilter.java:75)
	at org.springframework.web.filter.OncePerRequestFilter.doFilter(OncePerRequestFilter.java:116)
	at org.springframework.security.web.FilterChainProxy$VirtualFilterChain.doFilter(FilterChainProxy.java:374)
	at org.springframework.security.web.context.SecurityContextHolderFilter.doFilter(SecurityContextHolderFilter.java:82)
	at org.springframework.security.web.context.SecurityContextHolderFilter.doFilter(SecurityContextHolderFilter.java:69)
	at org.springframework.security.web.FilterChainProxy$VirtualFilterChain.doFilter(FilterChainProxy.java:374)
	at org.springframework.security.web.context.request.async.WebAsyncManagerIntegrationFilter.doFilterInternal(WebAsyncManagerIntegrationFilter.java:62)
	at org.springframework.web.filter.OncePerRequestFilter.doFilter(OncePerRequestFilter.java:116)
	at org.springframework.security.web.FilterChainProxy$VirtualFilterChain.doFilter(FilterChainProxy.java:374)
	at org.springframework.security.web.session.DisableEncodeUrlFilter.doFilterInternal(DisableEncodeUrlFilter.java:42)
	at org.springframework.web.filter.OncePerRequestFilter.doFilter(OncePerRequestFilter.java:116)
	at org.springframework.security.web.FilterChainProxy$VirtualFilterChain.doFilter(FilterChainProxy.java:374)
	at org.springframework.security.web.FilterChainProxy.doFilterInternal(FilterChainProxy.java:233)
	at org.springframework.security.web.FilterChainProxy.doFilter(FilterChainProxy.java:191)
	at org.springframework.web.filter.CompositeFilter$VirtualFilterChain.doFilter(CompositeFilter.java:113)
	at org.springframework.web.servlet.handler.HandlerMappingIntrospector.lambda$createCacheFilter$3(HandlerMappingIntrospector.java:243)
	at org.springframework.web.filter.CompositeFilter$VirtualFilterChain.doFilter(CompositeFilter.java:113)
	at org.springframework.web.filter.CompositeFilter.doFilter(CompositeFilter.java:74)
	at org.springframework.security.config.annotation.web.configuration.WebMvcSecurityConfiguration$CompositeFilterChainProxy.doFilter(WebMvcSecurityConfiguration.java:238)
	at org.springframework.web.filter.DelegatingFilterProxy.invokeDelegate(DelegatingFilterProxy.java:362)
	at org.springframework.web.filter.DelegatingFilterProxy.doFilter(DelegatingFilterProxy.java:278)
	at org.apache.catalina.core.ApplicationFilterChain.internalDoFilter(ApplicationFilterChain.java:164)
	at org.apache.catalina.core.ApplicationFilterChain.doFilter(ApplicationFilterChain.java:140)
	at org.springframework.web.filter.RequestContextFilter.doFilterInternal(RequestContextFilter.java:100)
	at org.springframework.web.filter.OncePerRequestFilter.doFilter(OncePerRequestFilter.java:116)
	at org.apache.catalina.core.ApplicationFilterChain.internalDoFilter(ApplicationFilterChain.java:164)
	at org.apache.catalina.core.ApplicationFilterChain.doFilter(ApplicationFilterChain.java:140)
	at org.springframework.web.filter.FormContentFilter.doFilterInternal(FormContentFilter.java:93)
	at org.springframework.web.filter.OncePerRequestFilter.doFilter(OncePerRequestFilter.java:116)
	at org.apache.catalina.core.ApplicationFilterChain.internalDoFilter(ApplicationFilterChain.java:164)
	at org.apache.catalina.core.ApplicationFilterChain.doFilter(ApplicationFilterChain.java:140)
	at org.springframework.web.filter.CharacterEncodingFilter.doFilterInternal(CharacterEncodingFilter.java:201)
	at org.springframework.web.filter.OncePerRequestFilter.doFilter(OncePerRequestFilter.java:116)
	at org.apache.catalina.core.ApplicationFilterChain.internalDoFilter(ApplicationFilterChain.java:164)
	at org.apache.catalina.core.ApplicationFilterChain.doFilter(ApplicationFilterChain.java:140)
	at org.apache.catalina.core.StandardWrapperValve.invoke(StandardWrapperValve.java:167)
	at org.apache.catalina.core.StandardContextValve.invoke(StandardContextValve.java:90)
	at org.apache.catalina.authenticator.AuthenticatorBase.invoke(AuthenticatorBase.java:483)
	at org.apache.catalina.core.StandardHostValve.invoke(StandardHostValve.java:115)
	at org.apache.catalina.valves.ErrorReportValve.invoke(ErrorReportValve.java:93)
	at org.apache.catalina.core.StandardEngineValve.invoke(StandardEngineValve.java:74)
	at org.apache.catalina.connector.CoyoteAdapter.service(CoyoteAdapter.java:344)
	at org.apache.coyote.http11.Http11Processor.service(Http11Processor.java:397)
	at org.apache.coyote.AbstractProcessorLight.process(AbstractProcessorLight.java:63)
	at org.apache.coyote.AbstractProtocol$ConnectionHandler.process(AbstractProtocol.java:905)
	at org.apache.tomcat.util.net.NioEndpoint$SocketProcessor.doRun(NioEndpoint.java:1741)
	at org.apache.tomcat.util.net.SocketProcessorBase.run(SocketProcessorBase.java:52)
	at org.apache.tomcat.util.threads.ThreadPoolExecutor.runWorker(ThreadPoolExecutor.java:1190)
	at org.apache.tomcat.util.threads.ThreadPoolExecutor$Worker.run(ThreadPoolExecutor.java:659)
	at org.apache.tomcat.util.threads.TaskThread$WrappingRunnable.run(TaskThread.java:63)
	at java.base/java.lang.Thread.run(Thread.java:1583)
2025-03-04 11:40:39 [http-nio-8080-exec-6] INFO  c.a.controller.AdminController - Requête reçue pour inscrire un client avec l'email : exemple2@email.fr
2025-03-04 11:42:28 [http-nio-8080-exec-9] INFO  c.a.controller.AdminController - Requête reçue pour récupérer la liste des clients.
2025-03-04 11:42:28 [http-nio-8080-exec-9] DEBUG c.a.controller.AdminController - Nombre de clients trouvés : 3
2025-03-04 11:43:13 [http-nio-8080-exec-10] DEBUG c.a.c.a.ApplicationControllerAdvice - Détails pour l'analyse du problème :
com.accenture.exception.ClientException: Identifiants incorrects
	at com.accenture.service.ClientServiceImpl.trouverClient(ClientServiceImpl.java:52)
	at com.accenture.controller.ClientController.trouverUnClient(ClientController.java:64)
	at java.base/jdk.internal.reflect.DirectMethodHandleAccessor.invoke(DirectMethodHandleAccessor.java:103)
	at java.base/java.lang.reflect.Method.invoke(Method.java:580)
	at org.springframework.web.method.support.InvocableHandlerMethod.doInvoke(InvocableHandlerMethod.java:257)
	at org.springframework.web.method.support.InvocableHandlerMethod.invokeForRequest(InvocableHandlerMethod.java:190)
	at org.springframework.web.servlet.mvc.method.annotation.ServletInvocableHandlerMethod.invokeAndHandle(ServletInvocableHandlerMethod.java:118)
	at org.springframework.web.servlet.mvc.method.annotation.RequestMappingHandlerAdapter.invokeHandlerMethod(RequestMappingHandlerAdapter.java:986)
	at org.springframework.web.servlet.mvc.method.annotation.RequestMappingHandlerAdapter.handleInternal(RequestMappingHandlerAdapter.java:891)
	at org.springframework.web.servlet.mvc.method.AbstractHandlerMethodAdapter.handle(AbstractHandlerMethodAdapter.java:87)
	at org.springframework.web.servlet.DispatcherServlet.doDispatch(DispatcherServlet.java:1088)
	at org.springframework.web.servlet.DispatcherServlet.doService(DispatcherServlet.java:978)
	at org.springframework.web.servlet.FrameworkServlet.processRequest(FrameworkServlet.java:1014)
	at org.springframework.web.servlet.FrameworkServlet.doGet(FrameworkServlet.java:903)
	at jakarta.servlet.http.HttpServlet.service(HttpServlet.java:564)
	at org.springframework.web.servlet.FrameworkServlet.service(FrameworkServlet.java:885)
	at jakarta.servlet.http.HttpServlet.service(HttpServlet.java:658)
	at org.apache.catalina.core.ApplicationFilterChain.internalDoFilter(ApplicationFilterChain.java:195)
	at org.apache.catalina.core.ApplicationFilterChain.doFilter(ApplicationFilterChain.java:140)
	at org.apache.tomcat.websocket.server.WsFilter.doFilter(WsFilter.java:51)
	at org.apache.catalina.core.ApplicationFilterChain.internalDoFilter(ApplicationFilterChain.java:164)
	at org.apache.catalina.core.ApplicationFilterChain.doFilter(ApplicationFilterChain.java:140)
	at org.springframework.web.filter.CompositeFilter$VirtualFilterChain.doFilter(CompositeFilter.java:108)
	at org.springframework.security.web.FilterChainProxy.lambda$doFilterInternal$3(FilterChainProxy.java:231)
	at org.springframework.security.web.FilterChainProxy$VirtualFilterChain.doFilter(FilterChainProxy.java:365)
	at org.springframework.security.web.access.intercept.AuthorizationFilter.doFilter(AuthorizationFilter.java:101)
	at org.springframework.security.web.FilterChainProxy$VirtualFilterChain.doFilter(FilterChainProxy.java:374)
	at org.springframework.security.web.access.ExceptionTranslationFilter.doFilter(ExceptionTranslationFilter.java:126)
	at org.springframework.security.web.access.ExceptionTranslationFilter.doFilter(ExceptionTranslationFilter.java:120)
	at org.springframework.security.web.FilterChainProxy$VirtualFilterChain.doFilter(FilterChainProxy.java:374)
	at org.springframework.security.web.authentication.AnonymousAuthenticationFilter.doFilter(AnonymousAuthenticationFilter.java:100)
	at org.springframework.security.web.FilterChainProxy$VirtualFilterChain.doFilter(FilterChainProxy.java:374)
	at org.springframework.security.web.servletapi.SecurityContextHolderAwareRequestFilter.doFilter(SecurityContextHolderAwareRequestFilter.java:179)
	at org.springframework.security.web.FilterChainProxy$VirtualFilterChain.doFilter(FilterChainProxy.java:374)
	at org.springframework.security.web.savedrequest.RequestCacheAwareFilter.doFilter(RequestCacheAwareFilter.java:63)
	at org.springframework.security.web.FilterChainProxy$VirtualFilterChain.doFilter(FilterChainProxy.java:374)
	at org.springframework.security.web.authentication.www.BasicAuthenticationFilter.doFilterInternal(BasicAuthenticationFilter.java:181)
	at org.springframework.web.filter.OncePerRequestFilter.doFilter(OncePerRequestFilter.java:116)
	at org.springframework.security.web.FilterChainProxy$VirtualFilterChain.doFilter(FilterChainProxy.java:374)
	at org.springframework.security.web.authentication.logout.LogoutFilter.doFilter(LogoutFilter.java:107)
	at org.springframework.security.web.authentication.logout.LogoutFilter.doFilter(LogoutFilter.java:93)
	at org.springframework.security.web.FilterChainProxy$VirtualFilterChain.doFilter(FilterChainProxy.java:374)
	at org.springframework.security.web.header.HeaderWriterFilter.doHeadersAfter(HeaderWriterFilter.java:90)
	at org.springframework.security.web.header.HeaderWriterFilter.doFilterInternal(HeaderWriterFilter.java:75)
	at org.springframework.web.filter.OncePerRequestFilter.doFilter(OncePerRequestFilter.java:116)
	at org.springframework.security.web.FilterChainProxy$VirtualFilterChain.doFilter(FilterChainProxy.java:374)
	at org.springframework.security.web.context.SecurityContextHolderFilter.doFilter(SecurityContextHolderFilter.java:82)
	at org.springframework.security.web.context.SecurityContextHolderFilter.doFilter(SecurityContextHolderFilter.java:69)
	at org.springframework.security.web.FilterChainProxy$VirtualFilterChain.doFilter(FilterChainProxy.java:374)
	at org.springframework.security.web.context.request.async.WebAsyncManagerIntegrationFilter.doFilterInternal(WebAsyncManagerIntegrationFilter.java:62)
	at org.springframework.web.filter.OncePerRequestFilter.doFilter(OncePerRequestFilter.java:116)
	at org.springframework.security.web.FilterChainProxy$VirtualFilterChain.doFilter(FilterChainProxy.java:374)
	at org.springframework.security.web.session.DisableEncodeUrlFilter.doFilterInternal(DisableEncodeUrlFilter.java:42)
	at org.springframework.web.filter.OncePerRequestFilter.doFilter(OncePerRequestFilter.java:116)
	at org.springframework.security.web.FilterChainProxy$VirtualFilterChain.doFilter(FilterChainProxy.java:374)
	at org.springframework.security.web.FilterChainProxy.doFilterInternal(FilterChainProxy.java:233)
	at org.springframework.security.web.FilterChainProxy.doFilter(FilterChainProxy.java:191)
	at org.springframework.web.filter.CompositeFilter$VirtualFilterChain.doFilter(CompositeFilter.java:113)
	at org.springframework.web.servlet.handler.HandlerMappingIntrospector.lambda$createCacheFilter$3(HandlerMappingIntrospector.java:243)
	at org.springframework.web.filter.CompositeFilter$VirtualFilterChain.doFilter(CompositeFilter.java:113)
	at org.springframework.web.filter.CompositeFilter.doFilter(CompositeFilter.java:74)
	at org.springframework.security.config.annotation.web.configuration.WebMvcSecurityConfiguration$CompositeFilterChainProxy.doFilter(WebMvcSecurityConfiguration.java:238)
	at org.springframework.web.filter.DelegatingFilterProxy.invokeDelegate(DelegatingFilterProxy.java:362)
	at org.springframework.web.filter.DelegatingFilterProxy.doFilter(DelegatingFilterProxy.java:278)
	at org.apache.catalina.core.ApplicationFilterChain.internalDoFilter(ApplicationFilterChain.java:164)
	at org.apache.catalina.core.ApplicationFilterChain.doFilter(ApplicationFilterChain.java:140)
	at org.springframework.web.filter.RequestContextFilter.doFilterInternal(RequestContextFilter.java:100)
	at org.springframework.web.filter.OncePerRequestFilter.doFilter(OncePerRequestFilter.java:116)
	at org.apache.catalina.core.ApplicationFilterChain.internalDoFilter(ApplicationFilterChain.java:164)
	at org.apache.catalina.core.ApplicationFilterChain.doFilter(ApplicationFilterChain.java:140)
	at org.springframework.web.filter.FormContentFilter.doFilterInternal(FormContentFilter.java:93)
	at org.springframework.web.filter.OncePerRequestFilter.doFilter(OncePerRequestFilter.java:116)
	at org.apache.catalina.core.ApplicationFilterChain.internalDoFilter(ApplicationFilterChain.java:164)
	at org.apache.catalina.core.ApplicationFilterChain.doFilter(ApplicationFilterChain.java:140)
	at org.springframework.web.filter.CharacterEncodingFilter.doFilterInternal(CharacterEncodingFilter.java:201)
	at org.springframework.web.filter.OncePerRequestFilter.doFilter(OncePerRequestFilter.java:116)
	at org.apache.catalina.core.ApplicationFilterChain.internalDoFilter(ApplicationFilterChain.java:164)
	at org.apache.catalina.core.ApplicationFilterChain.doFilter(ApplicationFilterChain.java:140)
	at org.apache.catalina.core.StandardWrapperValve.invoke(StandardWrapperValve.java:167)
	at org.apache.catalina.core.StandardContextValve.invoke(StandardContextValve.java:90)
	at org.apache.catalina.authenticator.AuthenticatorBase.invoke(AuthenticatorBase.java:483)
	at org.apache.catalina.core.StandardHostValve.invoke(StandardHostValve.java:115)
	at org.apache.catalina.valves.ErrorReportValve.invoke(ErrorReportValve.java:93)
	at org.apache.catalina.core.StandardEngineValve.invoke(StandardEngineValve.java:74)
	at org.apache.catalina.connector.CoyoteAdapter.service(CoyoteAdapter.java:344)
	at org.apache.coyote.http11.Http11Processor.service(Http11Processor.java:397)
	at org.apache.coyote.AbstractProcessorLight.process(AbstractProcessorLight.java:63)
	at org.apache.coyote.AbstractProtocol$ConnectionHandler.process(AbstractProtocol.java:905)
	at org.apache.tomcat.util.net.NioEndpoint$SocketProcessor.doRun(NioEndpoint.java:1741)
	at org.apache.tomcat.util.net.SocketProcessorBase.run(SocketProcessorBase.java:52)
	at org.apache.tomcat.util.threads.ThreadPoolExecutor.runWorker(ThreadPoolExecutor.java:1190)
	at org.apache.tomcat.util.threads.ThreadPoolExecutor$Worker.run(ThreadPoolExecutor.java:659)
	at org.apache.tomcat.util.threads.TaskThread$WrappingRunnable.run(TaskThread.java:63)
	at java.base/java.lang.Thread.run(Thread.java:1583)
2025-03-04 11:59:47 [restartedMain] INFO  com.accenture.Application - Starting Application using Java 21.0.6 with PID 24920 (C:\Users\flora.lucie.soler\Documents\Projet\projet-flora-redo\target\classes started by flora.lucie.soler in C:\Users\flora.lucie.soler\Documents\Projet\projet-flora-redo)
2025-03-04 11:59:47 [restartedMain] DEBUG com.accenture.Application - Running with Spring Boot v3.4.2, Spring v6.2.2
2025-03-04 11:59:47 [restartedMain] INFO  com.accenture.Application - No active profile set, falling back to 1 default profile: "default"
2025-03-04 11:59:59 [restartedMain] INFO  com.accenture.Application - Started Application in 12.895 seconds (process running for 16.029)
2025-03-04 12:03:18 [restartedMain] INFO  com.accenture.Application - Starting Application using Java 21.0.6 with PID 24920 (C:\Users\flora.lucie.soler\Documents\Projet\projet-flora-redo\target\classes started by flora.lucie.soler in C:\Users\flora.lucie.soler\Documents\Projet\projet-flora-redo)
2025-03-04 12:03:18 [restartedMain] DEBUG com.accenture.Application - Running with Spring Boot v3.4.2, Spring v6.2.2
2025-03-04 12:03:18 [restartedMain] INFO  com.accenture.Application - No active profile set, falling back to 1 default profile: "default"
2025-03-04 12:03:20 [restartedMain] INFO  com.accenture.Application - Started Application in 2.68 seconds (process running for 217.246)
2025-03-04 12:03:23 [restartedMain] INFO  com.accenture.Application - Starting Application using Java 21.0.6 with PID 24920 (C:\Users\flora.lucie.soler\Documents\Projet\projet-flora-redo\target\classes started by flora.lucie.soler in C:\Users\flora.lucie.soler\Documents\Projet\projet-flora-redo)
2025-03-04 12:03:23 [restartedMain] DEBUG com.accenture.Application - Running with Spring Boot v3.4.2, Spring v6.2.2
2025-03-04 12:03:23 [restartedMain] INFO  com.accenture.Application - No active profile set, falling back to 1 default profile: "default"
2025-03-04 12:03:25 [restartedMain] INFO  com.accenture.Application - Started Application in 1.977 seconds (process running for 221.82)
2025-03-04 12:04:46 [restartedMain] INFO  com.accenture.Application - Starting Application using Java 21.0.6 with PID 24920 (C:\Users\flora.lucie.soler\Documents\Projet\projet-flora-redo\target\classes started by flora.lucie.soler in C:\Users\flora.lucie.soler\Documents\Projet\projet-flora-redo)
2025-03-04 12:04:46 [restartedMain] DEBUG com.accenture.Application - Running with Spring Boot v3.4.2, Spring v6.2.2
2025-03-04 12:04:46 [restartedMain] INFO  com.accenture.Application - No active profile set, falling back to 1 default profile: "default"
2025-03-04 12:04:49 [restartedMain] INFO  com.accenture.Application - Started Application in 2.602 seconds (process running for 305.648)
2025-03-04 12:04:51 [restartedMain] INFO  com.accenture.Application - Starting Application using Java 21.0.6 with PID 24920 (C:\Users\flora.lucie.soler\Documents\Projet\projet-flora-redo\target\classes started by flora.lucie.soler in C:\Users\flora.lucie.soler\Documents\Projet\projet-flora-redo)
2025-03-04 12:04:51 [restartedMain] DEBUG com.accenture.Application - Running with Spring Boot v3.4.2, Spring v6.2.2
2025-03-04 12:04:51 [restartedMain] INFO  com.accenture.Application - No active profile set, falling back to 1 default profile: "default"
2025-03-04 12:04:54 [restartedMain] INFO  com.accenture.Application - Started Application in 2.394 seconds (process running for 310.636)
2025-03-04 12:16:02 [restartedMain] INFO  com.accenture.Application - Starting Application using Java 21.0.6 with PID 24920 (C:\Users\flora.lucie.soler\Documents\Projet\projet-flora-redo\target\classes started by flora.lucie.soler in C:\Users\flora.lucie.soler\Documents\Projet\projet-flora-redo)
2025-03-04 12:16:02 [restartedMain] DEBUG com.accenture.Application - Running with Spring Boot v3.4.2, Spring v6.2.2
2025-03-04 12:16:02 [restartedMain] INFO  com.accenture.Application - No active profile set, falling back to 1 default profile: "default"
2025-03-04 12:16:04 [restartedMain] INFO  com.accenture.Application - Started Application in 2.8 seconds (process running for 981.236)
2025-03-04 12:16:19 [restartedMain] INFO  com.accenture.Application - Starting Application using Java 21.0.6 with PID 24920 (C:\Users\flora.lucie.soler\Documents\Projet\projet-flora-redo\target\classes started by flora.lucie.soler in C:\Users\flora.lucie.soler\Documents\Projet\projet-flora-redo)
2025-03-04 12:16:19 [restartedMain] DEBUG com.accenture.Application - Running with Spring Boot v3.4.2, Spring v6.2.2
2025-03-04 12:16:19 [restartedMain] INFO  com.accenture.Application - No active profile set, falling back to 1 default profile: "default"
2025-03-04 12:16:21 [restartedMain] INFO  com.accenture.Application - Started Application in 1.193 seconds (process running for 997.432)
2025-03-04 15:05:34 [restartedMain] INFO  com.accenture.Application - Starting Application using Java 21.0.6 with PID 17320 (C:\Users\flora.lucie.soler\Documents\Projet\projet-flora-redo\target\classes started by flora.lucie.soler in C:\Users\flora.lucie.soler\Documents\Projet\projet-flora-redo)
2025-03-04 15:05:34 [restartedMain] DEBUG com.accenture.Application - Running with Spring Boot v3.4.2, Spring v6.2.2
2025-03-04 15:05:34 [restartedMain] INFO  com.accenture.Application - No active profile set, falling back to 1 default profile: "default"
2025-03-04 15:05:47 [restartedMain] INFO  com.accenture.Application - Started Application in 13.504 seconds (process running for 16.455)
2025-03-04 15:37:23 [restartedMain] INFO  com.accenture.Application - Starting Application using Java 21.0.6 with PID 17320 (C:\Users\flora.lucie.soler\Documents\Projet\projet-flora-redo\target\classes started by flora.lucie.soler in C:\Users\flora.lucie.soler\Documents\Projet\projet-flora-redo)
2025-03-04 15:37:23 [restartedMain] DEBUG com.accenture.Application - Running with Spring Boot v3.4.2, Spring v6.2.2
2025-03-04 15:37:23 [restartedMain] INFO  com.accenture.Application - No active profile set, falling back to 1 default profile: "default"
2025-03-04 15:37:42 [restartedMain] INFO  com.accenture.Application - Starting Application using Java 21.0.6 with PID 17320 (C:\Users\flora.lucie.soler\Documents\Projet\projet-flora-redo\target\classes started by flora.lucie.soler in C:\Users\flora.lucie.soler\Documents\Projet\projet-flora-redo)
2025-03-04 15:37:42 [restartedMain] DEBUG com.accenture.Application - Running with Spring Boot v3.4.2, Spring v6.2.2
2025-03-04 15:37:42 [restartedMain] INFO  com.accenture.Application - No active profile set, falling back to 1 default profile: "default"
2025-03-04 15:37:45 [restartedMain] INFO  com.accenture.Application - Started Application in 2.817 seconds (process running for 1934.613)
2025-03-04 15:43:10 [http-nio-8080-exec-6] DEBUG c.a.controller.VoitureController - La suppression de la voiture 1 a bien été effectuée.
2025-03-04 15:45:11 [http-nio-8080-exec-8] DEBUG c.a.controller.VoitureController - La suppression de la voiture 2 a bien été effectuée.
2025-03-04 15:45:19 [http-nio-8080-exec-9] DEBUG c.a.controller.VoitureController - La suppression de la voiture 3 a bien été effectuée.
2025-03-04 15:55:17 [restartedMain] INFO  com.accenture.Application - Starting Application using Java 21.0.6 with PID 17320 (C:\Users\flora.lucie.soler\Documents\Projet\projet-flora-redo\target\classes started by flora.lucie.soler in C:\Users\flora.lucie.soler\Documents\Projet\projet-flora-redo)
2025-03-04 15:55:17 [restartedMain] DEBUG com.accenture.Application - Running with Spring Boot v3.4.2, Spring v6.2.2
2025-03-04 15:55:17 [restartedMain] INFO  com.accenture.Application - No active profile set, falling back to 1 default profile: "default"
2025-03-04 15:55:18 [restartedMain] INFO  com.accenture.Application - Started Application in 1.603 seconds (process running for 2988.269)
2025-03-04 15:55:33 [restartedMain] INFO  com.accenture.Application - Starting Application using Java 21.0.6 with PID 17320 (C:\Users\flora.lucie.soler\Documents\Projet\projet-flora-redo\target\classes started by flora.lucie.soler in C:\Users\flora.lucie.soler\Documents\Projet\projet-flora-redo)
2025-03-04 15:55:33 [restartedMain] DEBUG com.accenture.Application - Running with Spring Boot v3.4.2, Spring v6.2.2
2025-03-04 15:55:33 [restartedMain] INFO  com.accenture.Application - No active profile set, falling back to 1 default profile: "default"
2025-03-04 15:55:35 [restartedMain] INFO  com.accenture.Application - Started Application in 1.76 seconds (process running for 3005.031)
2025-03-04 15:57:55 [restartedMain] INFO  com.accenture.Application - Starting Application using Java 21.0.6 with PID 17320 (C:\Users\flora.lucie.soler\Documents\Projet\projet-flora-redo\target\classes started by flora.lucie.soler in C:\Users\flora.lucie.soler\Documents\Projet\projet-flora-redo)
2025-03-04 15:57:55 [restartedMain] DEBUG com.accenture.Application - Running with Spring Boot v3.4.2, Spring v6.2.2
2025-03-04 15:57:55 [restartedMain] INFO  com.accenture.Application - No active profile set, falling back to 1 default profile: "default"
2025-03-04 15:57:56 [restartedMain] INFO  com.accenture.Application - Started Application in 0.753 seconds (process running for 3145.957)
2025-03-04 16:03:13 [restartedMain] INFO  com.accenture.Application - Starting Application using Java 21.0.6 with PID 30004 (C:\Users\flora.lucie.soler\Documents\Projet\projet-flora-redo\target\classes started by flora.lucie.soler in C:\Users\flora.lucie.soler\Documents\Projet\projet-flora-redo)
2025-03-04 16:03:13 [restartedMain] DEBUG com.accenture.Application - Running with Spring Boot v3.4.2, Spring v6.2.2
2025-03-04 16:03:13 [restartedMain] INFO  com.accenture.Application - No active profile set, falling back to 1 default profile: "default"
2025-03-04 16:03:24 [restartedMain] INFO  com.accenture.Application - Started Application in 12.363 seconds (process running for 15.298)
